Arguments: 
  /usr/local/bin/node /usr/local/bin/yarn tests/simpleObjectTest.jest.js

PATH: 
  /usr/local/bin:/usr/bin:/bin:/usr/sbin:/sbin:/usr/local/share/dotnet:/Library/Frameworks/Mono.framework/Versions/Current/Commands

Yarn version: 
  1.5.1

Node version: 
  8.9.1

Platform: 
  darwin x64

npm manifest: 
  {
    "name": "poc",
    "version": "1.0.0",
    "description": "Proof of concept for new Object Members proposal",
    "main": "privacy.es6.js",
    "scripts": {
      "test": "node --inspect test.js"
    },
    "repository": {
      "type": "git",
      "url": "git+https://github.com/rdking/proposal-object-members.git"
    },
    "keywords": [
      "javascript",
      "ecmascript",
      "private",
      "class",
      "field"
    ],
    "author": "Ranando D. King",
    "license": "Apache-2.0",
    "bugs": {
      "url": "https://github.com/rdking/proposal-object-members/issues"
    },
    "homepage": "https://github.com/rdking/proposal-object-members#readme",
    "devDependencies": {
      "jest": "^23.4.2"
    }
  }

yarn manifest: 
  No manifest

Lockfile: 
  No lockfile

Trace: 
  Error: Command "tests/simpleObjectTest.jest.js" not found.
      at new MessageError (/usr/local/lib/node_modules/yarn/lib/cli.js:186:110)
      at /usr/local/lib/node_modules/yarn/lib/cli.js:87307:17
      at Generator.next (<anonymous>)
      at step (/usr/local/lib/node_modules/yarn/lib/cli.js:98:30)
      at /usr/local/lib/node_modules/yarn/lib/cli.js:116:14
      at new Promise (<anonymous>)
      at new F (/usr/local/lib/node_modules/yarn/lib/cli.js:23451:28)
      at /usr/local/lib/node_modules/yarn/lib/cli.js:95:12
      at runCommand (/usr/local/lib/node_modules/yarn/lib/cli.js:87312:22)
      at Object.<anonymous> (/usr/local/lib/node_modules/yarn/lib/cli.js:87412:14)
